C:\Program Files\Microsoft Visual Studio\2022\Community\MSBuild\Microsoft\VC\v170\Microsoft.CppBuild.targets(531,5): warning MSB8028: The intermediate directory (x64\Debug\) contains files shared from another project (SDLProject.vcxproj).  This can lead to incorrect clean and rebuild behavior.
  FireBall.cpp
F:\git\BTL_SDL_FIGHT\SDLProject\MenuState.h(22,15): warning C4114: same type qualifier used more than once
  (compiling source file 'FireBall.cpp')
  
F:\git\BTL_SDL_FIGHT\SDLProject\difficultyState.h(21,15): warning C4114: same type qualifier used more than once
  (compiling source file 'FireBall.cpp')
  
F:\git\BTL_SDL_FIGHT\SDLProject\PlayState2.h(26,15): warning C4114: same type qualifier used more than once
  (compiling source file 'FireBall.cpp')
  
F:\git\BTL_SDL_FIGHT\SDLProject\PauseState.h(2,10): warning C4067: unexpected tokens following preprocessor directive - expected a newline
  (compiling source file 'FireBall.cpp')
  
F:\git\BTL_SDL_FIGHT\SDLProject\PauseState.h(24,15): warning C4114: same type qualifier used more than once
  (compiling source file 'FireBall.cpp')
  
F:\git\BTL_SDL_FIGHT\SDLProject\GameOverState.h(24,15): warning C4114: same type qualifier used more than once
  (compiling source file 'FireBall.cpp')
  
F:\git\BTL_SDL_FIGHT\SDLProject\PlayState.h(34,15): warning C4114: same type qualifier used more than once
  (compiling source file 'FireBall.cpp')
  
F:\git\BTL_SDL_FIGHT\SDLProject\FireBall.cpp(10,31): warning C4244: '=': conversion from 'float' to 'int', possible loss of data
F:\git\BTL_SDL_FIGHT\SDLProject\FireBall.cpp(11,31): warning C4244: '=': conversion from 'float' to 'int', possible loss of data
F:\git\BTL_SDL_FIGHT\SDLProject\FireBall.cpp(32,34): warning C4244: '=': conversion from 'float' to 'int', possible loss of data
F:\git\BTL_SDL_FIGHT\SDLProject\FireBall.cpp(33,34): warning C4244: '=': conversion from 'float' to 'int', possible loss of data
  SDLProject.vcxproj -> F:\git\BTL_SDL_FIGHT\x64\Debug\SDL.exe
